<?xml version="1.0" encoding="UTF-8"?>
<testsuite name="com.rshanson711.mlbstandingstracker.MlbStandingsTrackerApplicationTests" tests="1" skipped="0" failures="0" errors="0" timestamp="2023-07-15T16:13:28" hostname="TENPC" time="0.616">
  <properties/>
  <testcase name="contextLoads()" classname="com.rshanson711.mlbstandingstracker.MlbStandingsTrackerApplicationTests" time="0.616"/>
  <system-out><![CDATA[11:13:26.588 [Test worker] INFO org.springframework.test.context.support.AnnotationConfigContextLoaderUtils -- Could not detect default configuration classes for test class [com.rshanson711.mlbstandingstracker.MlbStandingsTrackerApplicationTests]: MlbStandingsTrackerApplicationTests does not declare any static, non-private, non-final, nested classes annotated with @Configuration.
11:13:26.664 [Test worker] INFO org.springframework.boot.test.context.SpringBootTestContextBootstrapper -- Found @SpringBootConfiguration com.rshanson711.mlbstandingstracker.MlbStandingsTrackerApplication for test class com.rshanson711.mlbstandingstracker.MlbStandingsTrackerApplicationTests

  .   ____          _            __ _ _
 /\\ / ___'_ __ _ _(_)_ __  __ _ \ \ \ \
( ( )\___ | '_ | '_| | '_ \/ _` | \ \ \ \
 \\/  ___)| |_)| | | | | || (_| |  ) ) ) )
  '  |____| .__|_| |_|_| |_\__, | / / / /
 =========|_|==============|___/=/_/_/_/
 :: Spring Boot ::                (v3.1.1)

2023-07-15T11:13:26.987-05:00  INFO 17844 --- [    Test worker] .r.m.MlbStandingsTrackerApplicationTests : Starting MlbStandingsTrackerApplicationTests using Java 20.0.1 with PID 17844 (started by dakot in C:\Users\dakot\Documents\Github Local Project Repos\mlb-standings-tracker)
2023-07-15T11:13:26.989-05:00  INFO 17844 --- [    Test worker] .r.m.MlbStandingsTrackerApplicationTests : No active profile set, falling back to 1 default profile: "default"
2023-07-15T11:13:28.140-05:00  INFO 17844 --- [    Test worker] .r.m.MlbStandingsTrackerApplicationTests : Started MlbStandingsTrackerApplicationTests in 1.336 seconds (process running for 2.283)
]]></system-out>
  <system-err><![CDATA[]]></system-err>
</testsuite>
