<?xml version="1.0" encoding="UTF-8"?>
<testsuite name="com.rshanson711.mlbstandingstracker.MlbStandingsTrackerApplicationTests" tests="1" skipped="0" failures="0" errors="0" timestamp="2023-07-15T07:23:35" hostname="TENPC" time="0.584">
  <properties/>
  <testcase name="contextLoads()" classname="com.rshanson711.mlbstandingstracker.MlbStandingsTrackerApplicationTests" time="0.584"/>
  <system-out><![CDATA[02:23:34.228 [Test worker] INFO org.springframework.test.context.support.AnnotationConfigContextLoaderUtils -- Could not detect default configuration classes for test class [com.rshanson711.mlbstandingstracker.MlbStandingsTrackerApplicationTests]: MlbStandingsTrackerApplicationTests does not declare any static, non-private, non-final, nested classes annotated with @Configuration.
02:23:34.300 [Test worker] INFO org.springframework.boot.test.context.SpringBootTestContextBootstrapper -- Found @SpringBootConfiguration com.rshanson711.mlbstandingstracker.MlbStandingsTrackerApplication for test class com.rshanson711.mlbstandingstracker.MlbStandingsTrackerApplicationTests

  .   ____          _            __ _ _
 /\\ / ___'_ __ _ _(_)_ __  __ _ \ \ \ \
( ( )\___ | '_ | '_| | '_ \/ _` | \ \ \ \
 \\/  ___)| |_)| | | | | || (_| |  ) ) ) )
  '  |____| .__|_| |_|_| |_\__, | / / / /
 =========|_|==============|___/=/_/_/_/
 :: Spring Boot ::                (v3.1.1)

2023-07-15T02:23:34.597-05:00  INFO 19116 --- [    Test worker] .r.m.MlbStandingsTrackerApplicationTests : Starting MlbStandingsTrackerApplicationTests using Java 20.0.1 with PID 19116 (started by dakot in C:\Users\dakot\Documents\Github Local Project Repos\mlb-standings-tracker)
2023-07-15T02:23:34.598-05:00  INFO 19116 --- [    Test worker] .r.m.MlbStandingsTrackerApplicationTests : No active profile set, falling back to 1 default profile: "default"
2023-07-15T02:23:35.442-05:00  INFO 19116 --- [    Test worker] .r.m.MlbStandingsTrackerApplicationTests : Started MlbStandingsTrackerApplicationTests in 1.02 seconds (process running for 1.885)
]]></system-out>
  <system-err><![CDATA[]]></system-err>
</testsuite>
